<?xml version="1.0" encoding="UTF-8"?>
<robot generator="Robot 6.0.2 (Python 3.11.3 on win32)" generated="20230526 14:30:55.499" rpa="false" schemaversion="3">
<suite id="s1" name="Built In" source="C:\Users\waihon.yew\OneDrive\Documents\SQA\robot-libraries\tests\Built_In.robot">
<test id="s1-t1" name="Declare and set variables" line="15">
<kw name="Set Variable" library="BuiltIn">
<var>${some_test_data}</var>
<arg>This is only available within this test</arg>
<doc>Returns the given values which can then be assigned to a variables.</doc>
<msg timestamp="20230526 14:30:56.365" level="INFO">${some_test_data} = This is only available within this test</msg>
<status status="PASS" starttime="20230526 14:30:56.365" endtime="20230526 14:30:56.365"/>
</kw>
<kw name="Set Test Variable" library="BuiltIn">
<arg>${more_test_data}</arg>
<arg>This is also only available within this test</arg>
<doc>Makes a variable available everywhere within the scope of the current test.</doc>
<msg timestamp="20230526 14:30:56.366" level="INFO">${more_test_data} = This is also only available within this test</msg>
<status status="PASS" starttime="20230526 14:30:56.365" endtime="20230526 14:30:56.366"/>
</kw>
<kw name="Set Suite Variable" library="BuiltIn">
<arg>${some_suite_data}</arg>
<arg>This is available within all tests in this suite</arg>
<doc>Makes a variable available everywhere within the scope of the current suite.</doc>
<msg timestamp="20230526 14:30:56.367" level="INFO">${some_suite_data} = This is available within all tests in this suite</msg>
<status status="PASS" starttime="20230526 14:30:56.366" endtime="20230526 14:30:56.367"/>
</kw>
<kw name="Set Global Variable" library="BuiltIn">
<arg>${SOME_GLOBAL_DATA}</arg>
<arg>This available everywhere</arg>
<doc>Makes a variable available globally in all tests and suites.</doc>
<msg timestamp="20230526 14:30:56.367" level="INFO">${SOME_GLOBAL_DATA} = This available everywhere</msg>
<status status="PASS" starttime="20230526 14:30:56.367" endtime="20230526 14:30:56.367"/>
</kw>
<status status="PASS" starttime="20230526 14:30:56.365" endtime="20230526 14:30:56.368"/>
</test>
<test id="s1-t2" name="Logging stuff" line="25">
<kw name="Comment" library="BuiltIn">
<arg>${unset_variable}</arg>
<doc>Displays the given messages in the log file as keyword arguments.</doc>
<status status="PASS" starttime="20230526 14:30:56.368" endtime="20230526 14:30:56.368"/>
</kw>
<kw name="Comment" library="BuiltIn">
<arg>Just a random comment</arg>
<doc>Displays the given messages in the log file as keyword arguments.</doc>
<status status="PASS" starttime="20230526 14:30:56.368" endtime="20230526 14:30:56.368"/>
</kw>
<kw name="Comment" library="BuiltIn">
<arg>${GLOBAL1}</arg>
<doc>Displays the given messages in the log file as keyword arguments.</doc>
<status status="PASS" starttime="20230526 14:30:56.369" endtime="20230526 14:30:56.369"/>
</kw>
<kw name="Log" library="BuiltIn">
<arg>I have something to say</arg>
<doc>Logs the given message with the given level.</doc>
<msg timestamp="20230526 14:30:56.370" level="INFO">I have something to say</msg>
<status status="PASS" starttime="20230526 14:30:56.370" endtime="20230526 14:30:56.370"/>
</kw>
<kw name="Log Many" library="BuiltIn">
<arg>Something to say 1</arg>
<arg>Something to say 2</arg>
<arg>Something to say 3</arg>
<doc>Logs the given messages as separate entries using the INFO level.</doc>
<msg timestamp="20230526 14:30:56.370" level="INFO">Something to say 1</msg>
<msg timestamp="20230526 14:30:56.370" level="INFO">Something to say 2</msg>
<msg timestamp="20230526 14:30:56.370" level="INFO">Something to say 3</msg>
<status status="PASS" starttime="20230526 14:30:56.370" endtime="20230526 14:30:56.370"/>
</kw>
<kw name="Log To Console" library="BuiltIn">
<arg>This can only be seen in the console, not the log!</arg>
<doc>Logs the given message to the console.</doc>
<status status="PASS" starttime="20230526 14:30:56.370" endtime="20230526 14:30:56.371"/>
</kw>
<kw name="Log Variables" library="BuiltIn">
<doc>Logs all variables in the current scope with given log level.</doc>
<msg timestamp="20230526 14:30:56.371" level="INFO">${/} = \</msg>
<msg timestamp="20230526 14:30:56.371" level="INFO">${:} = ;</msg>
<msg timestamp="20230526 14:30:56.371" level="INFO">${\n} = 
</msg>
<msg timestamp="20230526 14:30:56.371" level="INFO">${DEBUG_FILE} = NONE</msg>
<msg timestamp="20230526 14:30:56.371" level="INFO">${EXECDIR} = C:\Users\waihon.yew\OneDrive\Documents\SQA\robot-libraries</msg>
<msg timestamp="20230526 14:30:56.371" level="INFO">${False} = False</msg>
<msg timestamp="20230526 14:30:56.371" level="INFO">${GLOBAL1} = I am global variable 1</msg>
<msg timestamp="20230526 14:30:56.371" level="INFO">${LOG_FILE} = C:\Users\waihon.yew\OneDrive\Documents\SQA\robot-libraries\results\built-in\log.html</msg>
<msg timestamp="20230526 14:30:56.371" level="INFO">${LOG_LEVEL} = INFO</msg>
<msg timestamp="20230526 14:30:56.371" level="INFO">${None} = None</msg>
<msg timestamp="20230526 14:30:56.371" level="INFO">${null} = None</msg>
<msg timestamp="20230526 14:30:56.371" level="INFO">&amp;{OPTIONS} = { include=[] | exclude=[] | skip=[] | skip_on_failure=[] }</msg>
<msg timestamp="20230526 14:30:56.372" level="INFO">${OUTPUT_DIR} = C:\Users\waihon.yew\OneDrive\Documents\SQA\robot-libraries\results\built-in</msg>
<msg timestamp="20230526 14:30:56.372" level="INFO">${OUTPUT_FILE} = C:\Users\waihon.yew\OneDrive\Documents\SQA\robot-libraries\results\built-in\output.xml</msg>
<msg timestamp="20230526 14:30:56.372" level="INFO">${PREV_TEST_MESSAGE} = </msg>
<msg timestamp="20230526 14:30:56.372" level="INFO">${PREV_TEST_NAME} = Declare and set variables</msg>
<msg timestamp="20230526 14:30:56.372" level="INFO">${PREV_TEST_STATUS} = PASS</msg>
<msg timestamp="20230526 14:30:56.372" level="INFO">${REPORT_FILE} = C:\Users\waihon.yew\OneDrive\Documents\SQA\robot-libraries\results\built-in\report.html</msg>
<msg timestamp="20230526 14:30:56.372" level="INFO">${SOME_GLOBAL_DATA} = This available everywhere</msg>
<msg timestamp="20230526 14:30:56.372" level="INFO">${some_suite_data} = This is available within all tests in this suite</msg>
<msg timestamp="20230526 14:30:56.372" level="INFO">${SPACE} =  </msg>
<msg timestamp="20230526 14:30:56.372" level="INFO">${SUITE_DOCUMENTATION} = Checking out the built-in library</msg>
<msg timestamp="20230526 14:30:56.372" level="INFO">&amp;{SUITE_METADATA} = { }</msg>
<msg timestamp="20230526 14:30:56.372" level="INFO">${SUITE_NAME} = Built In</msg>
<msg timestamp="20230526 14:30:56.372" level="INFO">${SUITE_SOURCE} = C:\Users\waihon.yew\OneDrive\Documents\SQA\robot-libraries\tests\Built_In.robot</msg>
<msg timestamp="20230526 14:30:56.372" level="INFO">${TEMPDIR} = C:\Users\waihon.yew\AppData\Local\Temp</msg>
<msg timestamp="20230526 14:30:56.372" level="INFO">${TEST_DOCUMENTATION} = </msg>
<msg timestamp="20230526 14:30:56.372" level="INFO">${TEST_NAME} = Logging stuff</msg>
<msg timestamp="20230526 14:30:56.372" level="INFO">@{TEST_TAGS} = [ BuiltIn ]</msg>
<msg timestamp="20230526 14:30:56.372" level="INFO">${True} = True</msg>
<status status="PASS" starttime="20230526 14:30:56.371" endtime="20230526 14:30:56.372"/>
</kw>
<kw name="Log" library="BuiltIn">
<arg>${some_suite_data}</arg>
<doc>Logs the given message with the given level.</doc>
<msg timestamp="20230526 14:30:56.372" level="INFO">This is available within all tests in this suite</msg>
<status status="PASS" starttime="20230526 14:30:56.372" endtime="20230526 14:30:56.372"/>
</kw>
<kw name="Log" library="BuiltIn">
<arg>${GLOBAL1}</arg>
<doc>Logs the given message with the given level.</doc>
<msg timestamp="20230526 14:30:56.372" level="INFO">I am global variable 1</msg>
<status status="PASS" starttime="20230526 14:30:56.372" endtime="20230526 14:30:56.372"/>
</kw>
<kw name="Log" library="BuiltIn">
<arg>${SOME_GLOBAL_DATA}</arg>
<doc>Logs the given message with the given level.</doc>
<msg timestamp="20230526 14:30:56.373" level="INFO">This available everywhere</msg>
<status status="PASS" starttime="20230526 14:30:56.373" endtime="20230526 14:30:56.373"/>
</kw>
<tag>BuiltIn</tag>
<status status="PASS" starttime="20230526 14:30:56.368" endtime="20230526 14:30:56.373"/>
</test>
<test id="s1-t3" name="Ignore failures in this test" line="38">
<kw name="Open Browser" library="SeleniumLibrary">
<arg>http://www.amazon.com</arg>
<arg>chrome</arg>
<doc>Opens a new browser instance to the optional ``url``.</doc>
<msg timestamp="20230526 14:30:56.374" level="INFO">Opening browser 'chrome' to base url 'http://www.amazon.com'.</msg>
<status status="PASS" starttime="20230526 14:30:56.373" endtime="20230526 14:31:02.191"/>
</kw>
<kw name="Run Keyword And Continue On Failure" library="BuiltIn">
<arg>Wait Until Page Contains</arg>
<arg>This text doesn't exist</arg>
<doc>Runs the keyword and continues execution even if a failure occurs.</doc>
<kw name="Wait Until Page Contains" library="SeleniumLibrary">
<arg>This text doesn't exist</arg>
<doc>Waits until ``text`` appears on the current page.</doc>
<msg timestamp="20230526 14:31:07.655" level="INFO" html="true">&lt;/td&gt;&lt;/tr&gt;&lt;tr&gt;&lt;td colspan="3"&gt;&lt;a href="selenium-screenshot-3.png"&gt;&lt;img src="selenium-screenshot-3.png" width="800px"&gt;&lt;/a&gt;</msg>
<msg timestamp="20230526 14:31:07.655" level="FAIL">Text 'This text doesn't exist' did not appear in 5 seconds.</msg>
<status status="FAIL" starttime="20230526 14:31:02.192" endtime="20230526 14:31:07.660"/>
</kw>
<status status="FAIL" starttime="20230526 14:31:02.192" endtime="20230526 14:31:07.660"/>
</kw>
<kw name="Run Keyword And Continue On Failure" library="BuiltIn">
<arg>Wait Until Page Contains</arg>
<arg>More text that doesn't exist</arg>
<doc>Runs the keyword and continues execution even if a failure occurs.</doc>
<kw name="Wait Until Page Contains" library="SeleniumLibrary">
<arg>More text that doesn't exist</arg>
<doc>Waits until ``text`` appears on the current page.</doc>
<msg timestamp="20230526 14:31:13.083" level="INFO" html="true">&lt;/td&gt;&lt;/tr&gt;&lt;tr&gt;&lt;td colspan="3"&gt;&lt;a href="selenium-screenshot-4.png"&gt;&lt;img src="selenium-screenshot-4.png" width="800px"&gt;&lt;/a&gt;</msg>
<msg timestamp="20230526 14:31:13.083" level="FAIL">Text 'More text that doesn't exist' did not appear in 5 seconds.</msg>
<status status="FAIL" starttime="20230526 14:31:07.661" endtime="20230526 14:31:13.084"/>
</kw>
<status status="FAIL" starttime="20230526 14:31:07.660" endtime="20230526 14:31:13.084"/>
</kw>
<kw name="Log" library="BuiltIn">
<arg>${some_suite_data}</arg>
<doc>Logs the given message with the given level.</doc>
<msg timestamp="20230526 14:31:13.084" level="INFO">This is available within all tests in this suite</msg>
<status status="PASS" starttime="20230526 14:31:13.084" endtime="20230526 14:31:13.084"/>
</kw>
<kw name="Log" library="BuiltIn">
<arg>${GLOBAL1}</arg>
<doc>Logs the given message with the given level.</doc>
<msg timestamp="20230526 14:31:13.084" level="INFO">I am global variable 1</msg>
<status status="PASS" starttime="20230526 14:31:13.084" endtime="20230526 14:31:13.084"/>
</kw>
<kw name="Log" library="BuiltIn">
<arg>${SOME_GLOBAL_DATA}</arg>
<doc>Logs the given message with the given level.</doc>
<msg timestamp="20230526 14:31:13.085" level="INFO">This available everywhere</msg>
<status status="PASS" starttime="20230526 14:31:13.084" endtime="20230526 14:31:13.085"/>
</kw>
<kw name="Close Browser" library="SeleniumLibrary">
<doc>Closes the current browser.</doc>
<status status="PASS" starttime="20230526 14:31:13.085" endtime="20230526 14:31:15.416"/>
</kw>
<tag>BuiltIn</tag>
<status status="FAIL" starttime="20230526 14:30:56.373" endtime="20230526 14:31:15.417">Several failures occurred:

1) Text 'This text doesn't exist' did not appear in 5 seconds.

2) Text 'More text that doesn't exist' did not appear in 5 seconds.</status>
</test>
<test id="s1-t4" name="Repeat things" line="52">
<kw name="Repeat Keyword" library="BuiltIn">
<arg>3 Times</arg>
<arg>Say Something Funny</arg>
<doc>Executes the specified keyword multiple times.</doc>
<msg timestamp="20230526 14:31:15.420" level="INFO">Repeating keyword, round 1/3.</msg>
<kw name="Say something funny">
<kw name="Log" library="BuiltIn">
<arg>These pretzels are making me thirsty...</arg>
<doc>Logs the given message with the given level.</doc>
<msg timestamp="20230526 14:31:15.422" level="INFO">These pretzels are making me thirsty...</msg>
<status status="PASS" starttime="20230526 14:31:15.421" endtime="20230526 14:31:15.422"/>
</kw>
<status status="PASS" starttime="20230526 14:31:15.420" endtime="20230526 14:31:15.422"/>
</kw>
<msg timestamp="20230526 14:31:15.422" level="INFO">Repeating keyword, round 2/3.</msg>
<kw name="Say something funny">
<kw name="Log" library="BuiltIn">
<arg>These pretzels are making me thirsty...</arg>
<doc>Logs the given message with the given level.</doc>
<msg timestamp="20230526 14:31:15.424" level="INFO">These pretzels are making me thirsty...</msg>
<status status="PASS" starttime="20230526 14:31:15.423" endtime="20230526 14:31:15.424"/>
</kw>
<status status="PASS" starttime="20230526 14:31:15.423" endtime="20230526 14:31:15.424"/>
</kw>
<msg timestamp="20230526 14:31:15.424" level="INFO">Repeating keyword, round 3/3.</msg>
<kw name="Say something funny">
<kw name="Log" library="BuiltIn">
<arg>These pretzels are making me thirsty...</arg>
<doc>Logs the given message with the given level.</doc>
<msg timestamp="20230526 14:31:15.426" level="INFO">These pretzels are making me thirsty...</msg>
<status status="PASS" starttime="20230526 14:31:15.425" endtime="20230526 14:31:15.426"/>
</kw>
<status status="PASS" starttime="20230526 14:31:15.425" endtime="20230526 14:31:15.426"/>
</kw>
<status status="PASS" starttime="20230526 14:31:15.419" endtime="20230526 14:31:15.427"/>
</kw>
<kw name="Log" library="BuiltIn">
<arg>${some_suite_data}</arg>
<doc>Logs the given message with the given level.</doc>
<msg timestamp="20230526 14:31:15.427" level="INFO">This is available within all tests in this suite</msg>
<status status="PASS" starttime="20230526 14:31:15.427" endtime="20230526 14:31:15.428"/>
</kw>
<kw name="Log" library="BuiltIn">
<arg>${GLOBAL1}</arg>
<doc>Logs the given message with the given level.</doc>
<msg timestamp="20230526 14:31:15.428" level="INFO">I am global variable 1</msg>
<status status="PASS" starttime="20230526 14:31:15.428" endtime="20230526 14:31:15.429"/>
</kw>
<kw name="Log" library="BuiltIn">
<arg>${SOME_GLOBAL_DATA}</arg>
<doc>Logs the given message with the given level.</doc>
<msg timestamp="20230526 14:31:15.429" level="INFO">This available everywhere</msg>
<status status="PASS" starttime="20230526 14:31:15.429" endtime="20230526 14:31:15.430"/>
</kw>
<status status="PASS" starttime="20230526 14:31:15.418" endtime="20230526 14:31:15.431"/>
</test>
<doc>Checking out the built-in library</doc>
<status status="FAIL" starttime="20230526 14:30:55.501" endtime="20230526 14:31:15.433"/>
</suite>
<statistics>
<total>
<stat pass="3" fail="1" skip="0">All Tests</stat>
</total>
<tag>
<stat pass="1" fail="1" skip="0">BuiltIn</stat>
</tag>
<suite>
<stat pass="3" fail="1" skip="0" id="s1" name="Built In">Built In</stat>
</suite>
</statistics>
<errors>
</errors>
</robot>
