<?xml version="1.0" encoding="UTF-8"?>
<robot generator="Robot 6.0.2 (Python 3.11.3 on win32)" generated="20230526 20:57:26.934" rpa="false" schemaversion="3">
<suite id="s1" name="Operating System" source="C:\Users\waihon.yew\OneDrive\Documents\SQA\robot-libraries\tests\Operating_System.robot">
<test id="s1-t1" name="Create Some Directories" line="14">
<kw name="Create the Base Directory" library="OS">
<kw name="Create Directory" library="OperatingSystem">
<arg>${output_directory}</arg>
<doc>Creates the specified directory.</doc>
<msg timestamp="20230526 20:57:26.972" level="INFO" html="true">Created directory '&lt;a href="file://C:\Users\waihon.yew\OneDrive\Documents\SQA\robot-libraries\Outputs"&gt;C:\Users\waihon.yew\OneDrive\Documents\SQA\robot-libraries\Outputs&lt;/a&gt;'.</msg>
<status status="PASS" starttime="20230526 20:57:26.971" endtime="20230526 20:57:26.973"/>
</kw>
<kw name="Should Exist" library="OperatingSystem">
<arg>${output_directory}</arg>
<doc>Fails unless the given path (file or directory) exists.</doc>
<msg timestamp="20230526 20:57:26.974" level="INFO" html="true">Path '&lt;a href="file://C:\Users\waihon.yew\OneDrive\Documents\SQA\robot-libraries\Outputs"&gt;C:\Users\waihon.yew\OneDrive\Documents\SQA\robot-libraries\Outputs&lt;/a&gt;' exists.</msg>
<status status="PASS" starttime="20230526 20:57:26.973" endtime="20230526 20:57:26.974"/>
</kw>
<status status="PASS" starttime="20230526 20:57:26.971" endtime="20230526 20:57:26.974"/>
</kw>
<kw name="Create Directory 1" library="OS">
<kw name="Join Path" library="OperatingSystem">
<var>${directory_path}</var>
<arg>${output_directory}</arg>
<arg>${directory_1}</arg>
<doc>Joins the given path part(s) to the given base path.</doc>
<msg timestamp="20230526 20:57:26.976" level="INFO">${directory_path} = Outputs\first directory</msg>
<status status="PASS" starttime="20230526 20:57:26.976" endtime="20230526 20:57:26.977"/>
</kw>
<kw name="Create Directory" library="OperatingSystem">
<arg>${directory_path}</arg>
<doc>Creates the specified directory.</doc>
<msg timestamp="20230526 20:57:26.978" level="INFO" html="true">Created directory '&lt;a href="file://C:\Users\waihon.yew\OneDrive\Documents\SQA\robot-libraries\Outputs\first directory"&gt;C:\Users\waihon.yew\OneDrive\Documents\SQA\robot-libraries\Outputs\first directory&lt;/a&gt;'.</msg>
<status status="PASS" starttime="20230526 20:57:26.977" endtime="20230526 20:57:26.978"/>
</kw>
<kw name="Should Exist" library="OperatingSystem">
<arg>${directory_path}</arg>
<doc>Fails unless the given path (file or directory) exists.</doc>
<msg timestamp="20230526 20:57:26.978" level="INFO" html="true">Path '&lt;a href="file://C:\Users\waihon.yew\OneDrive\Documents\SQA\robot-libraries\Outputs\first directory"&gt;C:\Users\waihon.yew\OneDrive\Documents\SQA\robot-libraries\Outputs\first directory&lt;/a&gt;' exists.</msg>
<status status="PASS" starttime="20230526 20:57:26.978" endtime="20230526 20:57:26.978"/>
</kw>
<status status="PASS" starttime="20230526 20:57:26.976" endtime="20230526 20:57:26.978"/>
</kw>
<kw name="Create Directory 2" library="OS">
<kw name="Join Path" library="OperatingSystem">
<var>${directory_path}</var>
<arg>${output_directory}</arg>
<arg>${directory_2}</arg>
<doc>Joins the given path part(s) to the given base path.</doc>
<msg timestamp="20230526 20:57:26.979" level="INFO">${directory_path} = Outputs\second directory</msg>
<status status="PASS" starttime="20230526 20:57:26.978" endtime="20230526 20:57:26.979"/>
</kw>
<kw name="Create Directory" library="OperatingSystem">
<arg>${directory_path}</arg>
<doc>Creates the specified directory.</doc>
<msg timestamp="20230526 20:57:26.980" level="INFO" html="true">Created directory '&lt;a href="file://C:\Users\waihon.yew\OneDrive\Documents\SQA\robot-libraries\Outputs\second directory"&gt;C:\Users\waihon.yew\OneDrive\Documents\SQA\robot-libraries\Outputs\second directory&lt;/a&gt;'.</msg>
<status status="PASS" starttime="20230526 20:57:26.979" endtime="20230526 20:57:26.980"/>
</kw>
<kw name="Should Exist" library="OperatingSystem">
<arg>${directory_path}</arg>
<doc>Fails unless the given path (file or directory) exists.</doc>
<msg timestamp="20230526 20:57:26.980" level="INFO" html="true">Path '&lt;a href="file://C:\Users\waihon.yew\OneDrive\Documents\SQA\robot-libraries\Outputs\second directory"&gt;C:\Users\waihon.yew\OneDrive\Documents\SQA\robot-libraries\Outputs\second directory&lt;/a&gt;' exists.</msg>
<status status="PASS" starttime="20230526 20:57:26.980" endtime="20230526 20:57:26.980"/>
</kw>
<status status="PASS" starttime="20230526 20:57:26.978" endtime="20230526 20:57:26.980"/>
</kw>
<tag>OperatingSystem</tag>
<status status="PASS" starttime="20230526 20:57:26.969" endtime="20230526 20:57:26.981"/>
</test>
<test id="s1-t2" name="Create Some Files" line="20">
<kw name="Create the First File" library="OS">
<kw name="Join Path" library="OperatingSystem">
<var>${file_path}</var>
<arg>${output_directory}</arg>
<arg>${directory_1}</arg>
<arg>${file_1}</arg>
<doc>Joins the given path part(s) to the given base path.</doc>
<msg timestamp="20230526 20:57:26.983" level="INFO">${file_path} = Outputs\first directory\first file.txt</msg>
<status status="PASS" starttime="20230526 20:57:26.982" endtime="20230526 20:57:26.983"/>
</kw>
<kw name="Create File" library="OperatingSystem">
<arg>${file_path}</arg>
<arg>This is some text in file one!</arg>
<doc>Creates a file with the given content and encoding.</doc>
<msg timestamp="20230526 20:57:26.984" level="INFO" html="true">Created file '&lt;a href="file://C:\Users\waihon.yew\OneDrive\Documents\SQA\robot-libraries\Outputs\first directory\first file.txt"&gt;C:\Users\waihon.yew\OneDrive\Documents\SQA\robot-libraries\Outputs\first directory\first file.txt&lt;/a&gt;'.</msg>
<status status="PASS" starttime="20230526 20:57:26.983" endtime="20230526 20:57:26.984"/>
</kw>
<kw name="Should Exist" library="OperatingSystem">
<arg>${file_path}</arg>
<doc>Fails unless the given path (file or directory) exists.</doc>
<msg timestamp="20230526 20:57:26.984" level="INFO" html="true">Path '&lt;a href="file://C:\Users\waihon.yew\OneDrive\Documents\SQA\robot-libraries\Outputs\first directory\first file.txt"&gt;C:\Users\waihon.yew\OneDrive\Documents\SQA\robot-libraries\Outputs\first directory\first file.txt&lt;/a&gt;' exists.</msg>
<status status="PASS" starttime="20230526 20:57:26.984" endtime="20230526 20:57:26.985"/>
</kw>
<status status="PASS" starttime="20230526 20:57:26.982" endtime="20230526 20:57:26.985"/>
</kw>
<kw name="Create the Second File" library="OS">
<kw name="Join Path" library="OperatingSystem">
<var>${file_path}</var>
<arg>${output_directory}</arg>
<arg>${directory_2}</arg>
<arg>${file_2}</arg>
<doc>Joins the given path part(s) to the given base path.</doc>
<msg timestamp="20230526 20:57:26.986" level="INFO">${file_path} = Outputs\second directory\second file.txt</msg>
<status status="PASS" starttime="20230526 20:57:26.985" endtime="20230526 20:57:26.986"/>
</kw>
<kw name="Create File" library="OperatingSystem">
<arg>${file_path}</arg>
<arg>This is some text in file two!</arg>
<doc>Creates a file with the given content and encoding.</doc>
<msg timestamp="20230526 20:57:26.988" level="INFO" html="true">Created file '&lt;a href="file://C:\Users\waihon.yew\OneDrive\Documents\SQA\robot-libraries\Outputs\second directory\second file.txt"&gt;C:\Users\waihon.yew\OneDrive\Documents\SQA\robot-libraries\Outputs\second directory\second file.txt&lt;/a&gt;'.</msg>
<status status="PASS" starttime="20230526 20:57:26.986" endtime="20230526 20:57:26.988"/>
</kw>
<kw name="Should Exist" library="OperatingSystem">
<arg>${file_path}</arg>
<doc>Fails unless the given path (file or directory) exists.</doc>
<msg timestamp="20230526 20:57:26.989" level="INFO" html="true">Path '&lt;a href="file://C:\Users\waihon.yew\OneDrive\Documents\SQA\robot-libraries\Outputs\second directory\second file.txt"&gt;C:\Users\waihon.yew\OneDrive\Documents\SQA\robot-libraries\Outputs\second directory\second file.txt&lt;/a&gt;' exists.</msg>
<status status="PASS" starttime="20230526 20:57:26.988" endtime="20230526 20:57:26.989"/>
</kw>
<status status="PASS" starttime="20230526 20:57:26.985" endtime="20230526 20:57:26.989"/>
</kw>
<kw name="Create the Third File" library="OS">
<kw name="Join Path" library="OperatingSystem">
<var>${file_path}</var>
<arg>${output_directory}</arg>
<arg>${directory_2}</arg>
<arg>${file_3}</arg>
<doc>Joins the given path part(s) to the given base path.</doc>
<msg timestamp="20230526 20:57:26.991" level="INFO">${file_path} = Outputs\second directory\third file.txt</msg>
<status status="PASS" starttime="20230526 20:57:26.991" endtime="20230526 20:57:26.991"/>
</kw>
<kw name="Create File" library="OperatingSystem">
<arg>${file_path}</arg>
<arg>This is some text in file three!</arg>
<doc>Creates a file with the given content and encoding.</doc>
<msg timestamp="20230526 20:57:26.993" level="INFO" html="true">Created file '&lt;a href="file://C:\Users\waihon.yew\OneDrive\Documents\SQA\robot-libraries\Outputs\second directory\third file.txt"&gt;C:\Users\waihon.yew\OneDrive\Documents\SQA\robot-libraries\Outputs\second directory\third file.txt&lt;/a&gt;'.</msg>
<status status="PASS" starttime="20230526 20:57:26.991" endtime="20230526 20:57:26.993"/>
</kw>
<kw name="Should Exist" library="OperatingSystem">
<arg>${file_path}</arg>
<doc>Fails unless the given path (file or directory) exists.</doc>
<msg timestamp="20230526 20:57:26.994" level="INFO" html="true">Path '&lt;a href="file://C:\Users\waihon.yew\OneDrive\Documents\SQA\robot-libraries\Outputs\second directory\third file.txt"&gt;C:\Users\waihon.yew\OneDrive\Documents\SQA\robot-libraries\Outputs\second directory\third file.txt&lt;/a&gt;' exists.</msg>
<status status="PASS" starttime="20230526 20:57:26.993" endtime="20230526 20:57:26.994"/>
</kw>
<status status="PASS" starttime="20230526 20:57:26.990" endtime="20230526 20:57:26.994"/>
</kw>
<tag>OperatingSystem</tag>
<status status="PASS" starttime="20230526 20:57:26.982" endtime="20230526 20:57:26.995"/>
</test>
<test id="s1-t3" name="Move a File" line="26">
<kw name="Move File 3 from Directory 2 to Directory 1" library="OS">
<kw name="Join Path" library="OperatingSystem">
<var>${source_path}</var>
<arg>${output_directory}</arg>
<arg>${directory_2}</arg>
<arg>${file_3}</arg>
<doc>Joins the given path part(s) to the given base path.</doc>
<msg timestamp="20230526 20:57:26.997" level="INFO">${source_path} = Outputs\second directory\third file.txt</msg>
<status status="PASS" starttime="20230526 20:57:26.997" endtime="20230526 20:57:26.997"/>
</kw>
<kw name="Join Path" library="OperatingSystem">
<var>${target_path}</var>
<arg>${output_directory}</arg>
<arg>${directory_1}</arg>
<arg>${file_3}</arg>
<doc>Joins the given path part(s) to the given base path.</doc>
<msg timestamp="20230526 20:57:26.998" level="INFO">${target_path} = Outputs\first directory\third file.txt</msg>
<status status="PASS" starttime="20230526 20:57:26.997" endtime="20230526 20:57:26.998"/>
</kw>
<kw name="Move File" library="OperatingSystem">
<arg>${source_path}</arg>
<arg>${target_path}</arg>
<doc>Moves the source file into the destination.</doc>
<msg timestamp="20230526 20:57:27.005" level="INFO" html="true">Moved file from '&lt;a href="file://C:\Users\waihon.yew\OneDrive\Documents\SQA\robot-libraries\Outputs\second directory\third file.txt"&gt;C:\Users\waihon.yew\OneDrive\Documents\SQA\robot-libraries\Outputs\second directory\third file.txt&lt;/a&gt;' to '&lt;a href="file://C:\Users\waihon.yew\OneDrive\Documents\SQA\robot-libraries\Outputs\first directory\third file.txt"&gt;C:\Users\waihon.yew\OneDrive\Documents\SQA\robot-libraries\Outputs\first directory\third file.txt&lt;/a&gt;'.</msg>
<status status="PASS" starttime="20230526 20:57:26.998" endtime="20230526 20:57:27.005"/>
</kw>
<kw name="Should Exist" library="OperatingSystem">
<arg>${target_path}</arg>
<doc>Fails unless the given path (file or directory) exists.</doc>
<msg timestamp="20230526 20:57:27.006" level="INFO" html="true">Path '&lt;a href="file://C:\Users\waihon.yew\OneDrive\Documents\SQA\robot-libraries\Outputs\first directory\third file.txt"&gt;C:\Users\waihon.yew\OneDrive\Documents\SQA\robot-libraries\Outputs\first directory\third file.txt&lt;/a&gt;' exists.</msg>
<status status="PASS" starttime="20230526 20:57:27.006" endtime="20230526 20:57:27.007"/>
</kw>
<kw name="Should Not Exist" library="OperatingSystem">
<arg>${source_path}</arg>
<doc>Fails if the given path (file or directory) exists.</doc>
<msg timestamp="20230526 20:57:27.009" level="INFO" html="true">Path '&lt;a href="file://C:\Users\waihon.yew\OneDrive\Documents\SQA\robot-libraries\Outputs\second directory\third file.txt"&gt;C:\Users\waihon.yew\OneDrive\Documents\SQA\robot-libraries\Outputs\second directory\third file.txt&lt;/a&gt;' does not exist.</msg>
<status status="PASS" starttime="20230526 20:57:27.008" endtime="20230526 20:57:27.009"/>
</kw>
<status status="PASS" starttime="20230526 20:57:26.996" endtime="20230526 20:57:27.009"/>
</kw>
<tag>OperatingSystem</tag>
<status status="PASS" starttime="20230526 20:57:26.996" endtime="20230526 20:57:27.010"/>
</test>
<test id="s1-t4" name="Copy a File" line="30">
<kw name="Copy File 1 from Directory 1 to Directory 2" library="OS">
<kw name="Join Path" library="OperatingSystem">
<var>${source_path}</var>
<arg>${output_directory}</arg>
<arg>${directory_1}</arg>
<arg>${file_1}</arg>
<doc>Joins the given path part(s) to the given base path.</doc>
<msg timestamp="20230526 20:57:27.012" level="INFO">${source_path} = Outputs\first directory\first file.txt</msg>
<status status="PASS" starttime="20230526 20:57:27.012" endtime="20230526 20:57:27.012"/>
</kw>
<kw name="Join Path" library="OperatingSystem">
<var>${target_path}</var>
<arg>${output_directory}</arg>
<arg>${directory_2}</arg>
<arg>${file_1}</arg>
<doc>Joins the given path part(s) to the given base path.</doc>
<msg timestamp="20230526 20:57:27.013" level="INFO">${target_path} = Outputs\second directory\first file.txt</msg>
<status status="PASS" starttime="20230526 20:57:27.012" endtime="20230526 20:57:27.013"/>
</kw>
<kw name="Copy File" library="OperatingSystem">
<arg>${source_path}</arg>
<arg>${target_path}</arg>
<doc>Copies the source file into the destination.</doc>
<msg timestamp="20230526 20:57:27.024" level="INFO" html="true">Copied file from '&lt;a href="file://C:\Users\waihon.yew\OneDrive\Documents\SQA\robot-libraries\Outputs\first directory\first file.txt"&gt;C:\Users\waihon.yew\OneDrive\Documents\SQA\robot-libraries\Outputs\first directory\first file.txt&lt;/a&gt;' to '&lt;a href="file://C:\Users\waihon.yew\OneDrive\Documents\SQA\robot-libraries\Outputs\second directory\first file.txt"&gt;C:\Users\waihon.yew\OneDrive\Documents\SQA\robot-libraries\Outputs\second directory\first file.txt&lt;/a&gt;'.</msg>
<status status="PASS" starttime="20230526 20:57:27.013" endtime="20230526 20:57:27.024"/>
</kw>
<kw name="Should Exist" library="OperatingSystem">
<arg>${source_path}</arg>
<doc>Fails unless the given path (file or directory) exists.</doc>
<msg timestamp="20230526 20:57:27.025" level="INFO" html="true">Path '&lt;a href="file://C:\Users\waihon.yew\OneDrive\Documents\SQA\robot-libraries\Outputs\first directory\first file.txt"&gt;C:\Users\waihon.yew\OneDrive\Documents\SQA\robot-libraries\Outputs\first directory\first file.txt&lt;/a&gt;' exists.</msg>
<status status="PASS" starttime="20230526 20:57:27.025" endtime="20230526 20:57:27.025"/>
</kw>
<kw name="Should Exist" library="OperatingSystem">
<arg>${target_path}</arg>
<doc>Fails unless the given path (file or directory) exists.</doc>
<msg timestamp="20230526 20:57:27.026" level="INFO" html="true">Path '&lt;a href="file://C:\Users\waihon.yew\OneDrive\Documents\SQA\robot-libraries\Outputs\second directory\first file.txt"&gt;C:\Users\waihon.yew\OneDrive\Documents\SQA\robot-libraries\Outputs\second directory\first file.txt&lt;/a&gt;' exists.</msg>
<status status="PASS" starttime="20230526 20:57:27.025" endtime="20230526 20:57:27.026"/>
</kw>
<status status="PASS" starttime="20230526 20:57:27.012" endtime="20230526 20:57:27.026"/>
</kw>
<tag>OperatingSystem</tag>
<status status="PASS" starttime="20230526 20:57:27.011" endtime="20230526 20:57:27.026"/>
</test>
<doc>These are some file &amp; directory tests</doc>
<status status="PASS" starttime="20230526 20:57:26.935" endtime="20230526 20:57:27.028"/>
</suite>
<statistics>
<total>
<stat pass="4" fail="0" skip="0">All Tests</stat>
</total>
<tag>
<stat pass="4" fail="0" skip="0">OperatingSystem</stat>
</tag>
<suite>
<stat pass="4" fail="0" skip="0" id="s1" name="Operating System">Operating System</stat>
</suite>
</statistics>
<errors>
</errors>
</robot>
