<?xml version="1.0" encoding="UTF-8"?>
<robot generator="Robot 6.0.2 (Python 3.11.3 on win32)" generated="20230526 18:23:09.338" rpa="false" schemaversion="3">
<suite id="s1" name="Dialogs" source="C:\Users\waihon.yew\OneDrive\Documents\SQA\robot-libraries\tests\Dialogs.robot">
<test id="s1-t1" name="Logged out user can add product to cart" line="23">
<kw name="Begin Web Test" library="Common" type="SETUP">
<kw name="Open Browser" library="SeleniumLibrary">
<arg>about:blank</arg>
<arg>${BROWSER}</arg>
<doc>Opens a new browser instance to the optional ``url``.</doc>
<msg timestamp="20230526 18:23:09.622" level="INFO">Opening browser 'chrome' to base url 'about:blank'.</msg>
<status status="PASS" starttime="20230526 18:23:09.621" endtime="20230526 18:23:11.079"/>
</kw>
<kw name="Maximize Browser Window" library="SeleniumLibrary">
<doc>Maximizes current browser window.</doc>
<status status="PASS" starttime="20230526 18:23:11.079" endtime="20230526 18:23:11.200"/>
</kw>
<status status="PASS" starttime="20230526 18:23:09.621" endtime="20230526 18:23:11.200"/>
</kw>
<kw name="Search for Products" library="AmazonApp">
<kw name="Load" library="LandingPage">
<kw name="Go To" library="SeleniumLibrary">
<arg>${START_URL}</arg>
<doc>Navigates the current browser window to the provided ``url``.</doc>
<msg timestamp="20230526 18:23:11.202" level="INFO">Opening url 'https://www.amazon.com'</msg>
<status status="PASS" starttime="20230526 18:23:11.201" endtime="20230526 18:23:13.971"/>
</kw>
<status status="PASS" starttime="20230526 18:23:11.201" endtime="20230526 18:23:13.971"/>
</kw>
<kw name="Verify Page Loaded" library="LandingPage">
<kw name="Wait Until Page Contains" library="SeleniumLibrary">
<arg>Sell</arg>
<doc>Waits until ``text`` appears on the current page.</doc>
<status status="PASS" starttime="20230526 18:23:13.971" endtime="20230526 18:23:14.257"/>
</kw>
<status status="PASS" starttime="20230526 18:23:13.971" endtime="20230526 18:23:14.257"/>
</kw>
<kw name="Search for Products" library="TopNav">
<kw name="Enter Search Term" library="TopNav">
<kw name="Input Text" library="SeleniumLibrary">
<arg>${TOP_NAV_SEARCH_TEXTBOX}</arg>
<arg>${SEARCH_TERM}</arg>
<doc>Types the given ``text`` into the text field identified by ``locator``.</doc>
<msg timestamp="20230526 18:23:14.260" level="INFO">Typing text 'Ferrari 458' into text field 'css:#twotabsearchtextbox'.</msg>
<status status="PASS" starttime="20230526 18:23:14.259" endtime="20230526 18:23:14.779"/>
</kw>
<status status="PASS" starttime="20230526 18:23:14.259" endtime="20230526 18:23:14.779"/>
</kw>
<kw name="Submit Search" library="TopNav">
<kw name="Click Button" library="SeleniumLibrary">
<arg>${TOP_NAV_SEARCH_BUTTON}</arg>
<doc>Clicks the button identified by ``locator``.</doc>
<msg timestamp="20230526 18:23:14.780" level="INFO">Clicking button 'id:nav-search-submit-button'.</msg>
<status status="PASS" starttime="20230526 18:23:14.779" endtime="20230526 18:23:19.027"/>
</kw>
<status status="PASS" starttime="20230526 18:23:14.779" endtime="20230526 18:23:19.027"/>
</kw>
<status status="PASS" starttime="20230526 18:23:14.258" endtime="20230526 18:23:19.027"/>
</kw>
<kw name="Verify Search Completed" library="SearchResults">
<kw name="Wait Until Page Contains" library="SeleniumLibrary">
<arg>results for "${SEARCH_TERM}"</arg>
<doc>Waits until ``text`` appears on the current page.</doc>
<status status="PASS" starttime="20230526 18:23:19.028" endtime="20230526 18:23:19.056"/>
</kw>
<status status="PASS" starttime="20230526 18:23:19.028" endtime="20230526 18:23:19.056"/>
</kw>
<status status="PASS" starttime="20230526 18:23:11.201" endtime="20230526 18:23:19.056"/>
</kw>
<kw name="Execute Manual Step" library="Dialogs">
<arg>Do something manually!</arg>
<arg>It failed!</arg>
<doc>Pauses execution until user sets the keyword status.</doc>
<status status="PASS" starttime="20230526 18:23:19.056" endtime="20230526 18:23:22.258"/>
</kw>
<kw name="Select Product from Search Results" library="AmazonApp">
<kw name="Click Product Link" library="SearchResults">
<doc>Clicks on the first product in the search results list</doc>
<kw name="Click Element" library="SeleniumLibrary">
<arg>${SEARCH_RESULTS_FIRST_PRODUCT}</arg>
<doc>Click the element identified by ``locator``.</doc>
<msg timestamp="20230526 18:23:22.262" level="INFO">Clicking element 'xpath://*[@id="search"]/div[1]/div[1]/div/span[1]/div[1]/div[2]//h2/a/span'.</msg>
<status status="PASS" starttime="20230526 18:23:22.260" endtime="20230526 18:23:26.630"/>
</kw>
<status status="PASS" starttime="20230526 18:23:22.259" endtime="20230526 18:23:26.630"/>
</kw>
<kw name="Verify Page Loaded" library="Product">
<kw name="Wait Until Page Contains" library="SeleniumLibrary">
<arg>Back to results</arg>
<doc>Waits until ``text`` appears on the current page.</doc>
<status status="PASS" starttime="20230526 18:23:26.630" endtime="20230526 18:23:26.676"/>
</kw>
<status status="PASS" starttime="20230526 18:23:26.630" endtime="20230526 18:23:26.677"/>
</kw>
<status status="PASS" starttime="20230526 18:23:22.259" endtime="20230526 18:23:26.677"/>
</kw>
<kw name="Pause Execution" library="Dialogs">
<doc>Pauses execution until user clicks ``Ok`` button.</doc>
<status status="PASS" starttime="20230526 18:23:26.677" endtime="20230526 18:25:29.666"/>
</kw>
<kw name="Add Product to Cart" library="AmazonApp">
<kw name="Add to Cart" library="Product">
<kw name="Click Button" library="SeleniumLibrary">
<arg>${PRODUCT_ADD_TO_CART_BUTTON}</arg>
<doc>Clicks the button identified by ``locator``.</doc>
<msg timestamp="20230526 18:25:29.673" level="INFO">Clicking button 'css:#add-to-cart-button'.</msg>
<status status="PASS" starttime="20230526 18:25:29.672" endtime="20230526 18:25:31.343"/>
</kw>
<status status="PASS" starttime="20230526 18:25:29.671" endtime="20230526 18:25:31.343"/>
</kw>
<kw name="Verify Product Added" library="Cart">
<kw name="Wait Until Page Contains" library="SeleniumLibrary">
<arg>subtotal</arg>
<doc>Waits until ``text`` appears on the current page.</doc>
<status status="PASS" starttime="20230526 18:25:31.344" endtime="20230526 18:25:31.678"/>
</kw>
<status status="PASS" starttime="20230526 18:25:31.344" endtime="20230526 18:25:31.678"/>
</kw>
<status status="PASS" starttime="20230526 18:25:29.669" endtime="20230526 18:25:31.678"/>
</kw>
<kw name="End Web Test" library="Common" type="TEARDOWN">
<kw name="Close Browser" library="SeleniumLibrary">
<doc>Closes the current browser.</doc>
<status status="PASS" starttime="20230526 18:25:31.679" endtime="20230526 18:25:34.185"/>
</kw>
<status status="PASS" starttime="20230526 18:25:31.678" endtime="20230526 18:25:34.185"/>
</kw>
<tag>Failed</tag>
<tag>Web</tag>
<status status="PASS" starttime="20230526 18:23:09.620" endtime="20230526 18:25:34.185"/>
</test>
<doc>These are some web tests</doc>
<status status="PASS" starttime="20230526 18:23:09.339" endtime="20230526 18:25:34.189"/>
</suite>
<statistics>
<total>
<stat pass="1" fail="0" skip="0">All Tests</stat>
</total>
<tag>
<stat pass="1" fail="0" skip="0">Failed</stat>
<stat pass="1" fail="0" skip="0">Web</stat>
</tag>
<suite>
<stat pass="1" fail="0" skip="0" id="s1" name="Dialogs">Dialogs</stat>
</suite>
</statistics>
<errors>
</errors>
</robot>
