<?xml version="1.0" encoding="UTF-8"?>
<robot generator="Robot 6.0.2 (Python 3.11.3 on win32)" generated="20230526 18:36:09.173" rpa="false" schemaversion="3">
<suite id="s1" name="Dialogs" source="C:\Users\waihon.yew\OneDrive\Documents\SQA\robot-libraries\tests\Dialogs.robot">
<test id="s1-t1" name="Logged out user can search for products" line="17">
<kw name="Begin Web Test" library="Common" type="SETUP">
<kw name="Open Browser" library="SeleniumLibrary">
<arg>about:blank</arg>
<arg>${BROWSER}</arg>
<doc>Opens a new browser instance to the optional ``url``.</doc>
<msg timestamp="20230526 18:36:09.482" level="INFO">Opening browser 'chrome' to base url 'about:blank'.</msg>
<status status="PASS" starttime="20230526 18:36:09.482" endtime="20230526 18:36:10.955"/>
</kw>
<kw name="Maximize Browser Window" library="SeleniumLibrary">
<doc>Maximizes current browser window.</doc>
<status status="PASS" starttime="20230526 18:36:10.955" endtime="20230526 18:36:11.090"/>
</kw>
<status status="PASS" starttime="20230526 18:36:09.481" endtime="20230526 18:36:11.091"/>
</kw>
<kw name="Get Selection From User" library="Dialogs">
<var>${new_browser}</var>
<arg>Which browser?</arg>
<arg>chrome</arg>
<arg>edge</arg>
<arg>firefox</arg>
<doc>Pauses execution and asks user to select a value.</doc>
<msg timestamp="20230526 18:36:16.114" level="INFO">${new_browser} = edge</msg>
<status status="PASS" starttime="20230526 18:36:11.091" endtime="20230526 18:36:16.114"/>
</kw>
<kw name="Set Global Variable" library="BuiltIn">
<arg>${BROWSER}</arg>
<arg>${new_browser}</arg>
<doc>Makes a variable available globally in all tests and suites.</doc>
<msg timestamp="20230526 18:36:16.115" level="INFO">${BROWSER} = edge</msg>
<status status="PASS" starttime="20230526 18:36:16.114" endtime="20230526 18:36:16.115"/>
</kw>
<kw name="Search for Products" library="AmazonApp">
<kw name="Load" library="LandingPage">
<kw name="Go To" library="SeleniumLibrary">
<arg>${START_URL}</arg>
<doc>Navigates the current browser window to the provided ``url``.</doc>
<msg timestamp="20230526 18:36:16.116" level="INFO">Opening url 'https://www.amazon.com'</msg>
<status status="PASS" starttime="20230526 18:36:16.116" endtime="20230526 18:36:19.003"/>
</kw>
<status status="PASS" starttime="20230526 18:36:16.115" endtime="20230526 18:36:19.003"/>
</kw>
<kw name="Verify Page Loaded" library="LandingPage">
<kw name="Wait Until Page Contains" library="SeleniumLibrary">
<arg>Sell</arg>
<doc>Waits until ``text`` appears on the current page.</doc>
<status status="PASS" starttime="20230526 18:36:19.004" endtime="20230526 18:36:19.110"/>
</kw>
<status status="PASS" starttime="20230526 18:36:19.004" endtime="20230526 18:36:19.110"/>
</kw>
<kw name="Search for Products" library="TopNav">
<kw name="Enter Search Term" library="TopNav">
<kw name="Input Text" library="SeleniumLibrary">
<arg>${TOP_NAV_SEARCH_TEXTBOX}</arg>
<arg>${SEARCH_TERM}</arg>
<doc>Types the given ``text`` into the text field identified by ``locator``.</doc>
<msg timestamp="20230526 18:36:19.111" level="INFO">Typing text 'Ferrari 458' into text field 'css:#twotabsearchtextbox'.</msg>
<status status="PASS" starttime="20230526 18:36:19.110" endtime="20230526 18:36:19.335"/>
</kw>
<status status="PASS" starttime="20230526 18:36:19.110" endtime="20230526 18:36:19.336"/>
</kw>
<kw name="Submit Search" library="TopNav">
<kw name="Click Button" library="SeleniumLibrary">
<arg>${TOP_NAV_SEARCH_BUTTON}</arg>
<doc>Clicks the button identified by ``locator``.</doc>
<msg timestamp="20230526 18:36:19.340" level="INFO">Clicking button 'id:nav-search-submit-button'.</msg>
<status status="PASS" starttime="20230526 18:36:19.338" endtime="20230526 18:36:22.473"/>
</kw>
<status status="PASS" starttime="20230526 18:36:19.336" endtime="20230526 18:36:22.473"/>
</kw>
<status status="PASS" starttime="20230526 18:36:19.110" endtime="20230526 18:36:22.473"/>
</kw>
<kw name="Verify Search Completed" library="SearchResults">
<kw name="Wait Until Page Contains" library="SeleniumLibrary">
<arg>results for "${SEARCH_TERM}"</arg>
<doc>Waits until ``text`` appears on the current page.</doc>
<status status="PASS" starttime="20230526 18:36:22.474" endtime="20230526 18:36:22.505"/>
</kw>
<status status="PASS" starttime="20230526 18:36:22.473" endtime="20230526 18:36:22.505"/>
</kw>
<status status="PASS" starttime="20230526 18:36:16.115" endtime="20230526 18:36:22.505"/>
</kw>
<kw name="End Web Test" library="Common" type="TEARDOWN">
<kw name="Close Browser" library="SeleniumLibrary">
<doc>Closes the current browser.</doc>
<status status="PASS" starttime="20230526 18:36:22.506" endtime="20230526 18:36:24.926"/>
</kw>
<status status="PASS" starttime="20230526 18:36:22.505" endtime="20230526 18:36:24.926"/>
</kw>
<tag>Web</tag>
<status status="PASS" starttime="20230526 18:36:09.481" endtime="20230526 18:36:24.927"/>
</test>
<test id="s1-t2" name="Logged out user can add product to cart" line="23">
<kw name="Begin Web Test" library="Common" type="SETUP">
<kw name="Open Browser" library="SeleniumLibrary">
<arg>about:blank</arg>
<arg>${BROWSER}</arg>
<doc>Opens a new browser instance to the optional ``url``.</doc>
<msg timestamp="20230526 18:36:24.933" level="INFO">Opening browser 'edge' to base url 'about:blank'.</msg>
<status status="PASS" starttime="20230526 18:36:24.932" endtime="20230526 18:36:26.724"/>
</kw>
<kw name="Maximize Browser Window" library="SeleniumLibrary">
<doc>Maximizes current browser window.</doc>
<status status="PASS" starttime="20230526 18:36:26.724" endtime="20230526 18:36:26.852"/>
</kw>
<status status="PASS" starttime="20230526 18:36:24.930" endtime="20230526 18:36:26.852"/>
</kw>
<kw name="Search for Products" library="AmazonApp">
<kw name="Load" library="LandingPage">
<kw name="Go To" library="SeleniumLibrary">
<arg>${START_URL}</arg>
<doc>Navigates the current browser window to the provided ``url``.</doc>
<msg timestamp="20230526 18:36:26.853" level="INFO">Opening url 'https://www.amazon.com'</msg>
<status status="PASS" starttime="20230526 18:36:26.853" endtime="20230526 18:36:29.566"/>
</kw>
<status status="PASS" starttime="20230526 18:36:26.853" endtime="20230526 18:36:29.567"/>
</kw>
<kw name="Verify Page Loaded" library="LandingPage">
<kw name="Wait Until Page Contains" library="SeleniumLibrary">
<arg>Sell</arg>
<doc>Waits until ``text`` appears on the current page.</doc>
<status status="PASS" starttime="20230526 18:36:29.567" endtime="20230526 18:36:29.650"/>
</kw>
<status status="PASS" starttime="20230526 18:36:29.567" endtime="20230526 18:36:29.650"/>
</kw>
<kw name="Search for Products" library="TopNav">
<kw name="Enter Search Term" library="TopNav">
<kw name="Input Text" library="SeleniumLibrary">
<arg>${TOP_NAV_SEARCH_TEXTBOX}</arg>
<arg>${SEARCH_TERM}</arg>
<doc>Types the given ``text`` into the text field identified by ``locator``.</doc>
<msg timestamp="20230526 18:36:29.651" level="INFO">Typing text 'Ferrari 458' into text field 'css:#twotabsearchtextbox'.</msg>
<status status="PASS" starttime="20230526 18:36:29.651" endtime="20230526 18:36:29.926"/>
</kw>
<status status="PASS" starttime="20230526 18:36:29.651" endtime="20230526 18:36:29.926"/>
</kw>
<kw name="Submit Search" library="TopNav">
<kw name="Click Button" library="SeleniumLibrary">
<arg>${TOP_NAV_SEARCH_BUTTON}</arg>
<doc>Clicks the button identified by ``locator``.</doc>
<msg timestamp="20230526 18:36:29.927" level="INFO">Clicking button 'id:nav-search-submit-button'.</msg>
<status status="PASS" starttime="20230526 18:36:29.927" endtime="20230526 18:36:34.327"/>
</kw>
<status status="PASS" starttime="20230526 18:36:29.926" endtime="20230526 18:36:34.327"/>
</kw>
<status status="PASS" starttime="20230526 18:36:29.650" endtime="20230526 18:36:34.327"/>
</kw>
<kw name="Verify Search Completed" library="SearchResults">
<kw name="Wait Until Page Contains" library="SeleniumLibrary">
<arg>results for "${SEARCH_TERM}"</arg>
<doc>Waits until ``text`` appears on the current page.</doc>
<status status="PASS" starttime="20230526 18:36:34.327" endtime="20230526 18:36:34.374"/>
</kw>
<status status="PASS" starttime="20230526 18:36:34.327" endtime="20230526 18:36:34.374"/>
</kw>
<status status="PASS" starttime="20230526 18:36:26.853" endtime="20230526 18:36:34.374"/>
</kw>
<kw name="Execute Manual Step" library="Dialogs">
<arg>Do something manually!</arg>
<arg>It failed!</arg>
<doc>Pauses execution until user sets the keyword status.</doc>
<status status="PASS" starttime="20230526 18:36:34.374" endtime="20230526 18:36:36.728"/>
</kw>
<kw name="Select Product from Search Results" library="AmazonApp">
<kw name="Click Product Link" library="SearchResults">
<doc>Clicks on the first product in the search results list</doc>
<kw name="Click Element" library="SeleniumLibrary">
<arg>${SEARCH_RESULTS_FIRST_PRODUCT}</arg>
<doc>Click the element identified by ``locator``.</doc>
<msg timestamp="20230526 18:36:36.731" level="INFO">Clicking element 'xpath://*[@id="search"]/div[1]/div[1]/div/span[1]/div[1]/div[2]//h2/a/span'.</msg>
<status status="PASS" starttime="20230526 18:36:36.730" endtime="20230526 18:36:41.036"/>
</kw>
<status status="PASS" starttime="20230526 18:36:36.729" endtime="20230526 18:36:41.036"/>
</kw>
<kw name="Verify Page Loaded" library="Product">
<kw name="Wait Until Page Contains" library="SeleniumLibrary">
<arg>${PRODUCT_BACK_TO_RESULTS}</arg>
<doc>Waits until ``text`` appears on the current page.</doc>
<status status="PASS" starttime="20230526 18:36:41.036" endtime="20230526 18:36:41.085"/>
</kw>
<status status="PASS" starttime="20230526 18:36:41.036" endtime="20230526 18:36:41.085"/>
</kw>
<status status="PASS" starttime="20230526 18:36:36.729" endtime="20230526 18:36:41.085"/>
</kw>
<kw name="Pause Execution" library="Dialogs">
<doc>Pauses execution until user clicks ``Ok`` button.</doc>
<status status="PASS" starttime="20230526 18:36:41.085" endtime="20230526 18:36:43.112"/>
</kw>
<kw name="Add Product to Cart" library="AmazonApp">
<kw name="Add to Cart" library="Product">
<kw name="Click Button" library="SeleniumLibrary">
<arg>${PRODUCT_ADD_TO_CART_BUTTON}</arg>
<doc>Clicks the button identified by ``locator``.</doc>
<msg timestamp="20230526 18:36:43.115" level="INFO">Clicking button 'css:#add-to-cart-button'.</msg>
<status status="PASS" starttime="20230526 18:36:43.114" endtime="20230526 18:36:45.859"/>
</kw>
<status status="PASS" starttime="20230526 18:36:43.113" endtime="20230526 18:36:45.860"/>
</kw>
<kw name="Verify Product Added" library="Cart">
<kw name="Wait Until Page Contains" library="SeleniumLibrary">
<arg>subtotal</arg>
<doc>Waits until ``text`` appears on the current page.</doc>
<status status="PASS" starttime="20230526 18:36:45.860" endtime="20230526 18:36:45.906"/>
</kw>
<status status="PASS" starttime="20230526 18:36:45.860" endtime="20230526 18:36:45.906"/>
</kw>
<status status="PASS" starttime="20230526 18:36:43.113" endtime="20230526 18:36:45.906"/>
</kw>
<kw name="End Web Test" library="Common" type="TEARDOWN">
<kw name="Close Browser" library="SeleniumLibrary">
<doc>Closes the current browser.</doc>
<status status="PASS" starttime="20230526 18:36:45.907" endtime="20230526 18:36:48.486"/>
</kw>
<status status="PASS" starttime="20230526 18:36:45.907" endtime="20230526 18:36:48.487"/>
</kw>
<tag>Web</tag>
<status status="PASS" starttime="20230526 18:36:24.928" endtime="20230526 18:36:48.487"/>
</test>
<doc>These are some web tests</doc>
<status status="PASS" starttime="20230526 18:36:09.174" endtime="20230526 18:36:48.488"/>
</suite>
<statistics>
<total>
<stat pass="2" fail="0" skip="0">All Tests</stat>
</total>
<tag>
<stat pass="2" fail="0" skip="0">Web</stat>
</tag>
<suite>
<stat pass="2" fail="0" skip="0" id="s1" name="Dialogs">Dialogs</stat>
</suite>
</statistics>
<errors>
</errors>
</robot>
